Log file open, 10/15/21 23:59:41
LogWindows: Failed to load 'aqProf.dll' (GetLastError=126)
LogWindows: File 'aqProf.dll' does not exist
LogWindows: Failed to load 'VtuneApi.dll' (GetLastError=126)
LogWindows: File 'VtuneApi.dll' does not exist
LogWindows: Failed to load 'VtuneApi32e.dll' (GetLastError=126)
LogWindows: File 'VtuneApi32e.dll' does not exist
LogConsoleResponse: Display: Failed to find resolution value strings in scalability ini. Falling back to default.
LogConsoleResponse: Display: Failed to find resolution value strings in scalability ini. Falling back to default.
LogInit: Display: Running engine for game: MP2
LogPlatformFile: Not using cached read wrapper
LogTaskGraph: Started task graph with 5 named threads and 14 total threads with 3 sets of task threads.
LogStats: Stats thread started at 10.030500
LogICUInternationalization: ICU TimeZone Detection - Raw Offset: -6:00, Platform Override: ''
LogInit: Display: Loading text-based GConfig....
LogPluginManager: Mounting plugin MeshPainting
LogPluginManager: Mounting plugin XGEController
LogPluginManager: Mounting plugin LiveLink
LogPluginManager: Mounting plugin AISupport
LogPluginManager: Mounting plugin LightPropagationVolume
LogPluginManager: Mounting plugin EnvironmentQueryEditor
LogPluginManager: Mounting plugin CameraShakePreviewer
LogPluginManager: Mounting plugin GameplayCameras
LogPluginManager: Mounting plugin Paper2D
LogPluginManager: Mounting plugin OodleData
LogPluginManager: Mounting plugin OodleNetwork
LogPluginManager: Mounting plugin AssetManagerEditor
LogPluginManager: Mounting plugin CryptoKeys
LogPluginManager: Mounting plugin CurveEditorTools
LogPluginManager: Mounting plugin DataValidation
LogPluginManager: Mounting plugin FacialAnimation
LogPluginManager: Mounting plugin GameplayTagsEditor
LogPluginManager: Mounting plugin GeometryMode
LogPluginManager: Mounting plugin MacGraphicsSwitching
LogPluginManager: Mounting plugin MaterialAnalyzer
LogPluginManager: Mounting plugin MobileLauncherProfileWizard
LogPluginManager: Mounting plugin SpeedTreeImporter
LogPluginManager: Mounting plugin AlembicImporter
LogPluginManager: Mounting plugin Niagara
LogPluginManager: Mounting plugin AutomationUtils
LogPluginManager: Mounting plugin PluginBrowser
LogPluginManager: Mounting plugin BackChannel
LogPluginManager: Mounting plugin ChaosCloth
LogPluginManager: Mounting plugin ChaosClothEditor
LogPluginManager: Mounting plugin ChaosEditor
LogPluginManager: Mounting plugin ChaosSolverPlugin
LogPluginManager: Mounting plugin CharacterAI
LogPluginManager: Mounting plugin ChaosNiagara
LogPluginManager: Mounting plugin GeometryCache
LogPluginManager: Mounting plugin GeometryCollectionPlugin
LogPluginManager: Mounting plugin GeometryProcessing
LogPluginManager: Mounting plugin OpenImageDenoise
LogPluginManager: Mounting plugin PlanarCut
LogPluginManager: Mounting plugin ProxyLODPlugin
LogPluginManager: Mounting plugin MotoSynth
LogPluginManager: Mounting plugin PlatformCrypto
LogPluginManager: Mounting plugin SkeletalReduction
LogPluginManager: Mounting plugin AnimationSharing
LogPluginManager: Mounting plugin CLionSourceCodeAccess
LogPluginManager: Mounting plugin CodeLiteSourceCodeAccess
LogPluginManager: Mounting plugin GitSourceControl
LogPluginManager: Mounting plugin KDevelopSourceCodeAccess
LogPluginManager: Mounting plugin NullSourceCodeAccess
LogPluginManager: Mounting plugin PerforceSourceControl
LogPluginManager: Mounting plugin PixWinPlugin
LogPluginManager: Mounting plugin PlasticSourceControl
LogPluginManager: Mounting plugin PluginUtils
LogPluginManager: Mounting plugin PropertyAccessNode
LogPluginManager: Mounting plugin RiderSourceCodeAccess
LogPluginManager: Mounting plugin SubversionSourceControl
LogPluginManager: Mounting plugin PythonScriptPlugin
LogPluginManager: Mounting plugin TextureFormatOodle
LogPluginManager: Mounting plugin UObjectPlugin
LogPluginManager: Mounting plugin VisualStudioCodeSourceCodeAccess
LogPluginManager: Mounting plugin XCodeSourceCodeAccess
LogPluginManager: Mounting plugin VisualStudioSourceCodeAccess
LogPluginManager: Mounting plugin DatasmithContent
LogPluginManager: Mounting plugin VariantManagerContent
LogPluginManager: Mounting plugin AndroidMedia
LogPluginManager: Mounting plugin AvfMedia
LogPluginManager: Mounting plugin ImgMedia
LogPluginManager: Mounting plugin MediaCompositing
LogPluginManager: Mounting plugin MediaPlayerEditor
LogPluginManager: Mounting plugin WebMMedia
LogPluginManager: Mounting plugin WmfMedia
LogPluginManager: Mounting plugin TcpMessaging
LogPluginManager: Mounting plugin UdpMessaging
LogPluginManager: Mounting plugin LuminPlatformFeatures
LogPluginManager: Mounting plugin MagicLeapMedia
LogPluginManager: Mounting plugin MagicLeap
LogPluginManager: Mounting plugin MagicLeapLightEstimation
LogPluginManager: Mounting plugin MagicLeapPassableWorld
LogPluginManager: Mounting plugin ActorSequence
LogPluginManager: Mounting plugin MLSDK
LogPluginManager: Mounting plugin LevelSequenceEditor
LogPluginManager: Mounting plugin MatineeToLevelSequence
LogPluginManager: Mounting plugin LauncherChunkInstaller
LogPluginManager: Mounting plugin TemplateSequence
LogPluginManager: Mounting plugin OnlineSubsystem
LogPluginManager: Mounting plugin OnlineSubsystemNull
LogPluginManager: Mounting plugin OnlineSubsystemUtils
LogPluginManager: Mounting plugin ActorLayerUtilities
LogPluginManager: Mounting plugin AndroidMoviePlayer
LogPluginManager: Mounting plugin AndroidDeviceProfileSelector
LogPluginManager: Mounting plugin AndroidPermission
LogPluginManager: Mounting plugin AppleImageUtils
LogPluginManager: Mounting plugin AppleMoviePlayer
LogPluginManager: Mounting plugin AssetTags
LogPluginManager: Mounting plugin ArchVisCharacter
LogPluginManager: Mounting plugin AudioCapture
LogPluginManager: Mounting plugin AudioSynesthesia
LogPluginManager: Mounting plugin CableComponent
LogPluginManager: Mounting plugin ChunkDownloader
LogPluginManager: Mounting plugin CustomMeshComponent
LogPluginManager: Mounting plugin EditableMesh
LogPluginManager: Mounting plugin ExampleDeviceProfileSelector
LogPluginManager: Mounting plugin GoogleCloudMessaging
LogPluginManager: Mounting plugin GooglePAD
LogPluginManager: Mounting plugin LinuxDeviceProfileSelector
LogPluginManager: Mounting plugin IOSDeviceProfileSelector
LogPluginManager: Mounting plugin LocationServicesBPLibrary
LogPluginManager: Mounting plugin MobilePatchingUtils
LogPluginManager: Mounting plugin OpenXR
LogPluginManager: Mounting plugin OpenXREyeTracker
LogPluginManager: Mounting plugin OpenXRHandTracking
LogPluginManager: Mounting plugin PhysXVehicles
LogPluginManager: Mounting plugin PostSplashScreen
LogPluginManager: Mounting plugin PropertyAccessEditor
LogPluginManager: Mounting plugin ProceduralMeshComponent
LogPluginManager: Mounting plugin RuntimePhysXCooking
LogPluginManager: Mounting plugin SignificanceManager
LogPluginManager: Mounting plugin SoundFields
LogPluginManager: Mounting plugin WebMMoviePlayer
LogPluginManager: Mounting plugin WindowsMoviePlayer
LogPluginManager: Mounting plugin ScreenshotTools
LogPluginManager: Mounting plugin Synthesis
LogPluginManager: Mounting plugin Takes
LogPluginManager: Mounting plugin ContentBrowserAssetDataSource
LogPluginManager: Mounting plugin ContentBrowserClassDataSource
LogPluginManager: Mounting plugin ContentBrowserFileDataSource
LogPluginManager: Mounting plugin OnlineSubsystemGooglePlay
LogPluginManager: Mounting plugin OnlineSubsystemIOS
LogPluginManager: Mounting plugin OculusVR
LogPluginManager: Mounting plugin SteamVR
PixWinPlugin: PIX capture plugin failed to initialize! Check that the process is launched from PIX.
LogInit: Using libcurl 7.55.1-DEV
LogInit:  - built for x86_64-pc-win32
LogInit:  - supports SSL with OpenSSL/1.1.1
LogInit:  - supports HTTP deflate (compression) using libz 1.2.8
LogInit:  - other features:
LogInit:      CURL_VERSION_SSL
LogInit:      CURL_VERSION_LIBZ
LogInit:      CURL_VERSION_IPV6
LogInit:      CURL_VERSION_ASYNCHDNS
LogInit:      CURL_VERSION_LARGEFILE
LogInit:      CURL_VERSION_IDN
LogInit:  CurlRequestOptions (configurable via config and command line):
LogInit:  - bVerifyPeer = true  - Libcurl will verify peer certificate
LogInit:  - bUseHttpProxy = false  - Libcurl will NOT use HTTP proxy
LogInit:  - bDontReuseConnections = false  - Libcurl will reuse connections
LogInit:  - MaxHostConnections = 16  - Libcurl will limit the number of connections to a host
LogInit:  - LocalHostAddr = Default
LogInit:  - BufferSize = 65536
LogOnline: OSS: Creating online subsystem instance for: NULL
LogInit: WinSock: version 1.1 (2.2), MaxSocks=32767, MaxUdp=65467
LogOnline: OSS: TryLoadSubsystemAndSetDefault: Loaded subsystem for module [NULL]
LogOculusPluginWrapper: OculusPlugin initialized successfully
LogHMD: Failed initializing OVRPlugin 1.59.0
LogInit: Build: ++UE4+Release-4.27-CL-17735300
LogInit: Engine Version: 4.27.1-17735300+++UE4+Release-4.27
LogInit: Compatible Engine Version: 4.27.0-17155196+++UE4+Release-4.27
LogInit: Net CL: 17155196
LogInit: OS: Windows 10 (Release 2009) (), CPU: Intel(R) Core(TM) i5-7300HQ CPU @ 2.50GHz, GPU: NVIDIA GeForce GTX 1050 Ti
LogInit: Compiled (64-bit): Oct  6 2021 14:42:51
LogInit: Compiled with Visual C++: 19.24.28315.00
LogInit: Build Configuration: Development
LogInit: Branch Name: ++UE4+Release-4.27
LogInit: Command Line: 
LogInit: Base Directory: D:/Program Files/UE_4.27/Engine/Binaries/Win64/
LogInit: Allocator: TBB
LogInit: Installed Engine Build: 1
LogDevObjectVersion: Number of dev versions registered: 29
LogDevObjectVersion:   Dev-Blueprints (B0D832E4-1F89-4F0D-ACCF-7EB736FD4AA2): 10
LogDevObjectVersion:   Dev-Build (E1C64328-A22C-4D53-A36C-8E866417BD8C): 0
LogDevObjectVersion:   Dev-Core (375EC13C-06E4-48FB-B500-84F0262A717E): 4
LogDevObjectVersion:   Dev-Editor (E4B068ED-F494-42E9-A231-DA0B2E46BB41): 40
LogDevObjectVersion:   Dev-Framework (CFFC743F-43B0-4480-9391-14DF171D2073): 37
LogDevObjectVersion:   Dev-Mobile (B02B49B5-BB20-44E9-A304-32B752E40360): 3
LogDevObjectVersion:   Dev-Networking (A4E4105C-59A1-49B5-A7C5-40C4547EDFEE): 0
LogDevObjectVersion:   Dev-Online (39C831C9-5AE6-47DC-9A44-9C173E1C8E7C): 0
LogDevObjectVersion:   Dev-Physics (78F01B33-EBEA-4F98-B9B4-84EACCB95AA2): 14
LogDevObjectVersion:   Dev-Platform (6631380F-2D4D-43E0-8009-CF276956A95A): 0
LogDevObjectVersion:   Dev-Rendering (12F88B9F-8875-4AFC-A67C-D90C383ABD29): 45
LogDevObjectVersion:   Dev-Sequencer (7B5AE74C-D270-4C10-A958-57980B212A5A): 13
LogDevObjectVersion:   Dev-VR (D7296918-1DD6-4BDD-9DE2-64A83CC13884): 3
LogDevObjectVersion:   Dev-LoadTimes (C2A15278-BFE7-4AFE-6C17-90FF531DF755): 1
LogDevObjectVersion:   Private-Geometry (6EACA3D4-40EC-4CC1-B786-8BED09428FC5): 3
LogDevObjectVersion:   Dev-AnimPhys (29E575DD-E0A3-4627-9D10-D276232CDCEA): 17
LogDevObjectVersion:   Dev-Anim (AF43A65D-7FD3-4947-9873-3E8ED9C1BB05): 15
LogDevObjectVersion:   Dev-ReflectionCapture (6B266CEC-1EC7-4B8F-A30B-E4D90942FC07): 1
LogDevObjectVersion:   Dev-Automation (0DF73D61-A23F-47EA-B727-89E90C41499A): 1
LogDevObjectVersion:   FortniteMain (601D1886-AC64-4F84-AA16-D3DE0DEAC7D6): 47
LogDevObjectVersion:   FortniteRelease (E7086368-6B23-4C58-8439-1B7016265E91): 1
LogDevObjectVersion:   Dev-Enterprise (9DFFBCD6-494F-0158-E221-12823C92A888): 10
LogDevObjectVersion:   Dev-Niagara (F2AED0AC-9AFE-416F-8664-AA7FFA26D6FC): 1
LogDevObjectVersion:   Dev-Destruction (174F1F0B-B4C6-45A5-B13F-2EE8D0FB917D): 10
LogDevObjectVersion:   Dev-Physics-Ext (35F94A83-E258-406C-A318-09F59610247C): 41
LogDevObjectVersion:   Dev-PhysicsMaterial-Chaos (B68FC16E-8B1B-42E2-B453-215C058844FE): 1
LogDevObjectVersion:   Dev-CineCamera (B2E18506-4273-CFC2-A54E-F4BB758BBA07): 1
LogDevObjectVersion:   Dev-VirtualProduction (64F58936-FD1B-42BA-BA96-7289D5D0FA4E): 1
LogDevObjectVersion:   Dev-MediaFramework (6F0ED827-A609-4895-9C91-998D90180EA4): 2
LogInit: Presizing for max 25165824 objects, including 0 objects not considered by GC, pre-allocating 0 bytes for permanent pool.
LogConfig: Applying CVar settings from Section [/Script/Engine.StreamingSettings] File [C:/Users/Richard/Documents/UIUC/Fall2021/CS498_GD/MP2/MP2/Saved/Config/Windows/Engine.ini]
LogConfig: Setting CVar [[s.MinBulkDataSizeForAsyncLoading:131072]]
LogConfig: Setting CVar [[s.AsyncLoadingThreadEnabled:0]]
LogConfig: Setting CVar [[s.EventDrivenLoaderEnabled:1]]
LogConfig: Setting CVar [[s.WarnIfTimeLimitExceeded:0]]
LogConfig: Setting CVar [[s.TimeLimitExceededMultiplier:1.5]]
LogConfig: Setting CVar [[s.TimeLimitExceededMinTime:0.005]]
LogConfig: Setting CVar [[s.UseBackgroundLevelStreaming:1]]
LogConfig: Setting CVar [[s.PriorityAsyncLoadingExtraTime:15.0]]
LogConfig: Setting CVar [[s.LevelStreamingActorsUpdateTimeLimit:5.0]]
LogConfig: Setting CVar [[s.PriorityLevelStreamingActorsUpdateExtraTime:5.0]]
LogConfig: Setting CVar [[s.LevelStreamingComponentsRegistrationGranularity:10]]
LogConfig: Setting CVar [[s.UnregisterComponentsTimeLimit:1.0]]
LogConfig: Setting CVar [[s.LevelStreamingComponentsUnregistrationGranularity:5]]
LogConfig: Setting CVar [[s.FlushStreamingOnExit:1]]
LogInit: Object subsystem initialized
LogConfig: Setting CVar [[con.DebugEarlyDefault:1]]
LogConfig: Setting CVar [[r.setres:1280x720]]
[2021.10.16-04.59.52:648][  0]LogConfig: Setting CVar [[r.VSync:0]]
[2021.10.16-04.59.52:648][  0]LogConfig: Setting CVar [[r.RHICmdBypass:0]]
[2021.10.16-04.59.52:648][  0]LogConfig: Applying CVar settings from Section [/Script/Engine.RendererSettings] File [C:/Users/Richard/Documents/UIUC/Fall2021/CS498_GD/MP2/MP2/Saved/Config/Windows/Engine.ini]
[2021.10.16-04.59.52:649][  0]LogConfig: Setting CVar [[r.GPUCrashDebugging:0]]
[2021.10.16-04.59.52:649][  0]LogConfig: Applying CVar settings from Section [/Script/Engine.RendererOverrideSettings] File [C:/Users/Richard/Documents/UIUC/Fall2021/CS498_GD/MP2/MP2/Saved/Config/Windows/Engine.ini]
[2021.10.16-04.59.52:649][  0]LogConfig: Applying CVar settings from Section [/Script/Engine.StreamingSettings] File [C:/Users/Richard/Documents/UIUC/Fall2021/CS498_GD/MP2/MP2/Saved/Config/Windows/Engine.ini]
[2021.10.16-04.59.52:649][  0]LogConfig: Setting CVar [[s.MinBulkDataSizeForAsyncLoading:131072]]
[2021.10.16-04.59.52:649][  0]LogConfig: Setting CVar [[s.AsyncLoadingThreadEnabled:0]]
[2021.10.16-04.59.52:649][  0]LogConfig: Setting CVar [[s.EventDrivenLoaderEnabled:1]]
[2021.10.16-04.59.52:649][  0]LogConfig: Setting CVar [[s.WarnIfTimeLimitExceeded:0]]
[2021.10.16-04.59.52:649][  0]LogConfig: Setting CVar [[s.TimeLimitExceededMultiplier:1.5]]
[2021.10.16-04.59.52:649][  0]LogConfig: Setting CVar [[s.TimeLimitExceededMinTime:0.005]]
[2021.10.16-04.59.52:649][  0]LogConfig: Setting CVar [[s.UseBackgroundLevelStreaming:1]]
[2021.10.16-04.59.52:649][  0]LogConfig: Setting CVar [[s.PriorityAsyncLoadingExtraTime:15.0]]
[2021.10.16-04.59.52:649][  0]LogConfig: Setting CVar [[s.LevelStreamingActorsUpdateTimeLimit:5.0]]
[2021.10.16-04.59.52:649][  0]LogConfig: Setting CVar [[s.PriorityLevelStreamingActorsUpdateExtraTime:5.0]]
[2021.10.16-04.59.52:649][  0]LogConfig: Setting CVar [[s.LevelStreamingComponentsRegistrationGranularity:10]]
[2021.10.16-04.59.52:649][  0]LogConfig: Setting CVar [[s.UnregisterComponentsTimeLimit:1.0]]
[2021.10.16-04.59.52:649][  0]LogConfig: Setting CVar [[s.LevelStreamingComponentsUnregistrationGranularity:5]]
[2021.10.16-04.59.52:649][  0]LogConfig: Setting CVar [[s.FlushStreamingOnExit:1]]
[2021.10.16-04.59.52:649][  0]LogConfig: Applying CVar settings from Section [/Script/Engine.GarbageCollectionSettings] File [C:/Users/Richard/Documents/UIUC/Fall2021/CS498_GD/MP2/MP2/Saved/Config/Windows/Engine.ini]
[2021.10.16-04.59.52:649][  0]LogConfig: Setting CVar [[gc.MaxObjectsNotConsideredByGC:1]]
[2021.10.16-04.59.52:649][  0]LogConfig: Setting CVar [[gc.SizeOfPermanentObjectPool:0]]
[2021.10.16-04.59.52:649][  0]LogConfig: Setting CVar [[gc.FlushStreamingOnGC:0]]
[2021.10.16-04.59.52:649][  0]LogConfig: Setting CVar [[gc.NumRetriesBeforeForcingGC:10]]
[2021.10.16-04.59.52:649][  0]LogConfig: Setting CVar [[gc.AllowParallelGC:1]]
[2021.10.16-04.59.52:649][  0]LogConfig: Setting CVar [[gc.TimeBetweenPurgingPendingKillObjects:61.1]]
[2021.10.16-04.59.52:649][  0]LogConfig: Setting CVar [[gc.MaxObjectsInEditor:25165824]]
[2021.10.16-04.59.52:649][  0]LogConfig: Setting CVar [[gc.IncrementalBeginDestroyEnabled:1]]
[2021.10.16-04.59.52:649][  0]LogConfig: Setting CVar [[gc.CreateGCClusters:1]]
[2021.10.16-04.59.52:649][  0]LogConfig: Setting CVar [[gc.MinGCClusterSize:5]]
[2021.10.16-04.59.52:649][  0]LogConfig: Setting CVar [[gc.ActorClusteringEnabled:0]]
[2021.10.16-04.59.52:649][  0]LogConfig: Setting CVar [[gc.BlueprintClusteringEnabled:0]]
[2021.10.16-04.59.52:649][  0]LogConfig: Setting CVar [[gc.UseDisregardForGCOnDedicatedServers:0]]
[2021.10.16-04.59.52:649][  0]LogConfig: Setting CVar [[gc.MultithreadedDestructionEnabled:1]]
[2021.10.16-04.59.52:649][  0]LogConfig: Applying CVar settings from Section [/Script/Engine.NetworkSettings] File [C:/Users/Richard/Documents/UIUC/Fall2021/CS498_GD/MP2/MP2/Saved/Config/Windows/Engine.ini]
[2021.10.16-04.59.52:649][  0]LogConfig: Applying CVar settings from Section [/Script/UnrealEd.CookerSettings] File [C:/Users/Richard/Documents/UIUC/Fall2021/CS498_GD/MP2/MP2/Saved/Config/Windows/Engine.ini]
[2021.10.16-04.59.52:807][  0]LogConfig: Applying CVar settings from Section [ViewDistanceQuality@3] File [C:/Users/Richard/Documents/UIUC/Fall2021/CS498_GD/MP2/MP2/Saved/Config/Windows/Scalability.ini]
[2021.10.16-04.59.52:807][  0]LogConfig: Setting CVar [[r.SkeletalMeshLODBias:0]]
[2021.10.16-04.59.52:807][  0]LogConfig: Setting CVar [[r.ViewDistanceScale:1.0]]
[2021.10.16-04.59.52:807][  0]LogConfig: Applying CVar settings from Section [AntiAliasingQuality@3] File [C:/Users/Richard/Documents/UIUC/Fall2021/CS498_GD/MP2/MP2/Saved/Config/Windows/Scalability.ini]
[2021.10.16-04.59.52:807][  0]LogConfig: Setting CVar [[r.PostProcessAAQuality:4]]
[2021.10.16-04.59.52:807][  0]LogConfig: Applying CVar settings from Section [ShadowQuality@3] File [C:/Users/Richard/Documents/UIUC/Fall2021/CS498_GD/MP2/MP2/Saved/Config/Windows/Scalability.ini]
[2021.10.16-04.59.52:807][  0]LogConfig: Setting CVar [[r.LightFunctionQuality:1]]
[2021.10.16-04.59.52:807][  0]LogConfig: Setting CVar [[r.ShadowQuality:5]]
[2021.10.16-04.59.52:807][  0]LogConfig: Setting CVar [[r.Shadow.CSM.MaxCascades:10]]
[2021.10.16-04.59.52:807][  0]LogConfig: Setting CVar [[r.Shadow.MaxResolution:2048]]
[2021.10.16-04.59.52:807][  0]LogConfig: Setting CVar [[r.Shadow.MaxCSMResolution:2048]]
[2021.10.16-04.59.52:807][  0]LogConfig: Setting CVar [[r.Shadow.RadiusThreshold:0.01]]
[2021.10.16-04.59.52:808][  0]LogConfig: Setting CVar [[r.Shadow.DistanceScale:1.0]]
[2021.10.16-04.59.52:808][  0]LogConfig: Setting CVar [[r.Shadow.CSM.TransitionScale:1.0]]
[2021.10.16-04.59.52:808][  0]LogConfig: Setting CVar [[r.Shadow.PreShadowResolutionFactor:1.0]]
[2021.10.16-04.59.52:808][  0]LogConfig: Setting CVar [[r.DistanceFieldShadowing:1]]
[2021.10.16-04.59.52:808][  0]LogConfig: Setting CVar [[r.DistanceFieldAO:1]]
[2021.10.16-04.59.52:808][  0]LogConfig: Setting CVar [[r.AOQuality:2]]
[2021.10.16-04.59.52:808][  0]LogConfig: Setting CVar [[r.VolumetricFog:1]]
[2021.10.16-04.59.52:808][  0]LogConfig: Setting CVar [[r.VolumetricFog.GridPixelSize:8]]
[2021.10.16-04.59.52:808][  0]LogConfig: Setting CVar [[r.VolumetricFog.GridSizeZ:128]]
[2021.10.16-04.59.52:808][  0]LogConfig: Setting CVar [[r.VolumetricFog.HistoryMissSupersampleCount:4]]
[2021.10.16-04.59.52:808][  0]LogConfig: Setting CVar [[r.LightMaxDrawDistanceScale:1]]
[2021.10.16-04.59.52:808][  0]LogConfig: Setting CVar [[r.CapsuleShadows:1]]
[2021.10.16-04.59.52:808][  0]LogConfig: Applying CVar settings from Section [PostProcessQuality@3] File [C:/Users/Richard/Documents/UIUC/Fall2021/CS498_GD/MP2/MP2/Saved/Config/Windows/Scalability.ini]
[2021.10.16-04.59.52:808][  0]LogConfig: Setting CVar [[r.MotionBlurQuality:4]]
[2021.10.16-04.59.52:808][  0]LogConfig: Setting CVar [[r.AmbientOcclusionMipLevelFactor:0.4]]
[2021.10.16-04.59.52:808][  0]LogConfig: Setting CVar [[r.AmbientOcclusionMaxQuality:100]]
[2021.10.16-04.59.52:808][  0]LogConfig: Setting CVar [[r.AmbientOcclusionLevels:-1]]
[2021.10.16-04.59.52:808][  0]LogConfig: Setting CVar [[r.AmbientOcclusionRadiusScale:1.0]]
[2021.10.16-04.59.52:808][  0]LogConfig: Setting CVar [[r.DepthOfFieldQuality:2]]
[2021.10.16-04.59.52:808][  0]LogConfig: Setting CVar [[r.RenderTargetPoolMin:400]]
[2021.10.16-04.59.52:808][  0]LogConfig: Setting CVar [[r.LensFlareQuality:2]]
[2021.10.16-04.59.52:808][  0]LogConfig: Setting CVar [[r.SceneColorFringeQuality:1]]
[2021.10.16-04.59.52:808][  0]LogConfig: Setting CVar [[r.EyeAdaptationQuality:2]]
[2021.10.16-04.59.52:808][  0]LogConfig: Setting CVar [[r.BloomQuality:5]]
[2021.10.16-04.59.52:808][  0]LogConfig: Setting CVar [[r.FastBlurThreshold:100]]
[2021.10.16-04.59.52:808][  0]LogConfig: Setting CVar [[r.Upscale.Quality:3]]
[2021.10.16-04.59.52:808][  0]LogConfig: Setting CVar [[r.Tonemapper.GrainQuantization:1]]
[2021.10.16-04.59.52:808][  0]LogConfig: Setting CVar [[r.LightShaftQuality:1]]
[2021.10.16-04.59.52:808][  0]LogConfig: Setting CVar [[r.Filter.SizeScale:1]]
[2021.10.16-04.59.52:808][  0]LogConfig: Setting CVar [[r.Tonemapper.Quality:5]]
[2021.10.16-04.59.52:808][  0]LogConfig: Setting CVar [[r.DOF.Gather.AccumulatorQuality:1        ; higher gathering accumulator quality]]
[2021.10.16-04.59.52:808][  0]LogConfig: Setting CVar [[r.DOF.Gather.PostfilterMethod:1          ; Median3x3 postfilering method]]
[2021.10.16-04.59.52:808][  0]LogConfig: Setting CVar [[r.DOF.Gather.EnableBokehSettings:0       ; no bokeh simulation when gathering]]
[2021.10.16-04.59.52:808][  0]LogConfig: Setting CVar [[r.DOF.Gather.RingCount:4                 ; medium number of samples when gathering]]
[2021.10.16-04.59.52:808][  0]LogConfig: Setting CVar [[r.DOF.Scatter.ForegroundCompositing:1    ; additive foreground scattering]]
[2021.10.16-04.59.52:808][  0]LogConfig: Setting CVar [[r.DOF.Scatter.BackgroundCompositing:2    ; additive background scattering]]
[2021.10.16-04.59.52:808][  0]LogConfig: Setting CVar [[r.DOF.Scatter.EnableBokehSettings:1      ; bokeh simulation when scattering]]
[2021.10.16-04.59.52:808][  0]LogConfig: Setting CVar [[r.DOF.Scatter.MaxSpriteRatio:0.1         ; only a maximum of 10% of scattered bokeh]]
[2021.10.16-04.59.52:808][  0]LogConfig: Setting CVar [[r.DOF.Recombine.Quality:1                ; cheap slight out of focus]]
[2021.10.16-04.59.52:808][  0]LogConfig: Setting CVar [[r.DOF.Recombine.EnableBokehSettings:0    ; no bokeh simulation on slight out of focus]]
[2021.10.16-04.59.52:808][  0]LogConfig: Setting CVar [[r.DOF.TemporalAAQuality:1                ; more stable temporal accumulation]]
[2021.10.16-04.59.52:808][  0]LogConfig: Setting CVar [[r.DOF.Kernel.MaxForegroundRadius:0.025]]
[2021.10.16-04.59.52:808][  0]LogConfig: Setting CVar [[r.DOF.Kernel.MaxBackgroundRadius:0.025]]
[2021.10.16-04.59.52:808][  0]LogConfig: Applying CVar settings from Section [TextureQuality@3] File [C:/Users/Richard/Documents/UIUC/Fall2021/CS498_GD/MP2/MP2/Saved/Config/Windows/Scalability.ini]
[2021.10.16-04.59.52:808][  0]LogConfig: Setting CVar [[r.Streaming.MipBias:0]]
[2021.10.16-04.59.52:808][  0]LogConfig: Setting CVar [[r.Streaming.AmortizeCPUToGPUCopy:0]]
[2021.10.16-04.59.52:808][  0]LogConfig: Setting CVar [[r.Streaming.MaxNumTexturesToStreamPerFrame:0]]
[2021.10.16-04.59.52:808][  0]LogConfig: Setting CVar [[r.Streaming.Boost:1]]
[2021.10.16-04.59.52:808][  0]LogConfig: Setting CVar [[r.MaxAnisotropy:8]]
[2021.10.16-04.59.52:809][  0]LogConfig: Setting CVar [[r.VT.MaxAnisotropy:8]]
[2021.10.16-04.59.52:809][  0]LogConfig: Setting CVar [[r.Streaming.LimitPoolSizeToVRAM:0]]
[2021.10.16-04.59.52:809][  0]LogConfig: Setting CVar [[r.Streaming.PoolSize:1000]]
[2021.10.16-04.59.52:809][  0]LogConfig: Setting CVar [[r.Streaming.MaxEffectiveScreenSize:0]]
[2021.10.16-04.59.52:809][  0]LogConfig: Applying CVar settings from Section [EffectsQuality@3] File [C:/Users/Richard/Documents/UIUC/Fall2021/CS498_GD/MP2/MP2/Saved/Config/Windows/Scalability.ini]
[2021.10.16-04.59.52:809][  0]LogConfig: Setting CVar [[r.TranslucencyLightingVolumeDim:64]]
[2021.10.16-04.59.52:809][  0]LogConfig: Setting CVar [[r.RefractionQuality:2]]
[2021.10.16-04.59.52:809][  0]LogConfig: Setting CVar [[r.SSR.Quality:3]]
[2021.10.16-04.59.52:809][  0]LogConfig: Setting CVar [[r.SSR.HalfResSceneColor:0]]
[2021.10.16-04.59.52:809][  0]LogConfig: Setting CVar [[r.SceneColorFormat:4]]
[2021.10.16-04.59.52:809][  0]LogConfig: Setting CVar [[r.DetailMode:2]]
[2021.10.16-04.59.52:809][  0]LogConfig: Setting CVar [[r.TranslucencyVolumeBlur:1]]
[2021.10.16-04.59.52:809][  0]LogConfig: Setting CVar [[r.MaterialQualityLevel:1 ; High quality]]
[2021.10.16-04.59.52:809][  0]LogConfig: Setting CVar [[r.AnisotropicMaterials:1]]
[2021.10.16-04.59.52:809][  0]LogConfig: Setting CVar [[r.SSS.Scale:1]]
[2021.10.16-04.59.52:809][  0]LogConfig: Setting CVar [[r.SSS.SampleSet:2]]
[2021.10.16-04.59.52:809][  0]LogConfig: Setting CVar [[r.SSS.Quality:1]]
[2021.10.16-04.59.52:809][  0]LogConfig: Setting CVar [[r.SSS.HalfRes:0]]
[2021.10.16-04.59.52:809][  0]LogConfig: Setting CVar [[r.SSGI.Quality:3]]
[2021.10.16-04.59.52:809][  0]LogConfig: Setting CVar [[r.EmitterSpawnRateScale:1.0]]
[2021.10.16-04.59.52:809][  0]LogConfig: Setting CVar [[r.ParticleLightQuality:2]]
[2021.10.16-04.59.52:809][  0]LogConfig: Setting CVar [[r.SkyAtmosphere.AerialPerspectiveLUT.FastApplyOnOpaque:1 ; Always have FastSkyLUT 1 in this case to avoid wrong sky]]
[2021.10.16-04.59.52:809][  0]LogConfig: Setting CVar [[r.SkyAtmosphere.AerialPerspectiveLUT.SampleCountMaxPerSlice:4]]
[2021.10.16-04.59.52:809][  0]LogConfig: Setting CVar [[r.SkyAtmosphere.AerialPerspectiveLUT.DepthResolution:16.0]]
[2021.10.16-04.59.52:809][  0]LogConfig: Setting CVar [[r.SkyAtmosphere.FastSkyLUT:1]]
[2021.10.16-04.59.52:809][  0]LogConfig: Setting CVar [[r.SkyAtmosphere.FastSkyLUT.SampleCountMin:4.0]]
[2021.10.16-04.59.52:809][  0]LogConfig: Setting CVar [[r.SkyAtmosphere.FastSkyLUT.SampleCountMax:128.0]]
[2021.10.16-04.59.52:809][  0]LogConfig: Setting CVar [[r.SkyAtmosphere.SampleCountMin:4.0]]
[2021.10.16-04.59.52:809][  0]LogConfig: Setting CVar [[r.SkyAtmosphere.SampleCountMax:128.0]]
[2021.10.16-04.59.52:809][  0]LogConfig: Setting CVar [[r.SkyAtmosphere.TransmittanceLUT.UseSmallFormat:0]]
[2021.10.16-04.59.52:809][  0]LogConfig: Setting CVar [[r.SkyAtmosphere.TransmittanceLUT.SampleCount:10.0]]
[2021.10.16-04.59.52:809][  0]LogConfig: Setting CVar [[r.SkyAtmosphere.MultiScatteringLUT.SampleCount:15.0]]
[2021.10.16-04.59.52:809][  0]LogConfig: Setting CVar [[r.SkyLight.RealTimeReflectionCapture:1]]
[2021.10.16-04.59.52:809][  0]LogConfig: Applying CVar settings from Section [FoliageQuality@3] File [C:/Users/Richard/Documents/UIUC/Fall2021/CS498_GD/MP2/MP2/Saved/Config/Windows/Scalability.ini]
[2021.10.16-04.59.52:809][  0]LogConfig: Setting CVar [[foliage.DensityScale:1.0]]
[2021.10.16-04.59.52:809][  0]LogConfig: Setting CVar [[grass.DensityScale:1.0]]
[2021.10.16-04.59.52:809][  0]LogConfig: Applying CVar settings from Section [ShadingQuality@3] File [C:/Users/Richard/Documents/UIUC/Fall2021/CS498_GD/MP2/MP2/Saved/Config/Windows/Scalability.ini]
[2021.10.16-04.59.52:809][  0]LogConfig: Setting CVar [[r.HairStrands.SkyLighting.IntegrationType:2]]
[2021.10.16-04.59.52:809][  0]LogConfig: Setting CVar [[r.HairStrands.SkyAO.SampleCount:4]]
[2021.10.16-04.59.52:809][  0]LogConfig: Setting CVar [[r.HairStrands.Visibility.MSAA.SamplePerPixel:4]]
[2021.10.16-04.59.52:824][  0]LogInit: Selected Device Profile: [Windows]
[2021.10.16-04.59.52:830][  0]LogInit: Applying CVar settings loaded from the selected device profile: [Windows]
[2021.10.16-04.59.52:845][  0]LogHAL: Display: Platform has ~ 16 GB [17057812480 / 17179869184 / 16], which maps to Larger [LargestMinGB=32, LargerMinGB=12, DefaultMinGB=8, SmallerMinGB=6, SmallestMinGB=0)
[2021.10.16-04.59.52:845][  0]LogInit: Going up to parent DeviceProfile []
[2021.10.16-04.59.52:853][  0]LogConfig: Applying CVar settings from Section [ViewDistanceQuality@3] File [C:/Users/Richard/Documents/UIUC/Fall2021/CS498_GD/MP2/MP2/Saved/Config/Windows/Scalability.ini]
[2021.10.16-04.59.52:853][  0]LogConfig: Setting CVar [[r.SkeletalMeshLODBias:0]]
[2021.10.16-04.59.52:853][  0]LogConfig: Setting CVar [[r.ViewDistanceScale:1.0]]
[2021.10.16-04.59.52:853][  0]LogConfig: Applying CVar settings from Section [AntiAliasingQuality@3] File [C:/Users/Richard/Documents/UIUC/Fall2021/CS498_GD/MP2/MP2/Saved/Config/Windows/Scalability.ini]
[2021.10.16-04.59.52:853][  0]LogConfig: Setting CVar [[r.PostProcessAAQuality:4]]
[2021.10.16-04.59.52:853][  0]LogConfig: Applying CVar settings from Section [ShadowQuality@3] File [C:/Users/Richard/Documents/UIUC/Fall2021/CS498_GD/MP2/MP2/Saved/Config/Windows/Scalability.ini]
[2021.10.16-04.59.52:853][  0]LogConfig: Setting CVar [[r.LightFunctionQuality:1]]
[2021.10.16-04.59.52:853][  0]LogConfig: Setting CVar [[r.ShadowQuality:5]]
[2021.10.16-04.59.52:853][  0]LogConfig: Setting CVar [[r.Shadow.CSM.MaxCascades:10]]
[2021.10.16-04.59.52:853][  0]LogConfig: Setting CVar [[r.Shadow.MaxResolution:2048]]
[2021.10.16-04.59.52:853][  0]LogConfig: Setting CVar [[r.Shadow.MaxCSMResolution:2048]]
[2021.10.16-04.59.52:853][  0]LogConfig: Setting CVar [[r.Shadow.RadiusThreshold:0.01]]
[2021.10.16-04.59.52:853][  0]LogConfig: Setting CVar [[r.Shadow.DistanceScale:1.0]]
[2021.10.16-04.59.52:853][  0]LogConfig: Setting CVar [[r.Shadow.CSM.TransitionScale:1.0]]
[2021.10.16-04.59.52:853][  0]LogConfig: Setting CVar [[r.Shadow.PreShadowResolutionFactor:1.0]]
[2021.10.16-04.59.52:853][  0]LogConfig: Setting CVar [[r.DistanceFieldShadowing:1]]
[2021.10.16-04.59.52:853][  0]LogConfig: Setting CVar [[r.DistanceFieldAO:1]]
[2021.10.16-04.59.52:853][  0]LogConfig: Setting CVar [[r.AOQuality:2]]
[2021.10.16-04.59.52:853][  0]LogConfig: Setting CVar [[r.VolumetricFog:1]]
[2021.10.16-04.59.52:853][  0]LogConfig: Setting CVar [[r.VolumetricFog.GridPixelSize:8]]
[2021.10.16-04.59.52:853][  0]LogConfig: Setting CVar [[r.VolumetricFog.GridSizeZ:128]]
[2021.10.16-04.59.52:853][  0]LogConfig: Setting CVar [[r.VolumetricFog.HistoryMissSupersampleCount:4]]
[2021.10.16-04.59.52:853][  0]LogConfig: Setting CVar [[r.LightMaxDrawDistanceScale:1]]
[2021.10.16-04.59.52:853][  0]LogConfig: Setting CVar [[r.CapsuleShadows:1]]
[2021.10.16-04.59.52:853][  0]LogConfig: Applying CVar settings from Section [PostProcessQuality@3] File [C:/Users/Richard/Documents/UIUC/Fall2021/CS498_GD/MP2/MP2/Saved/Config/Windows/Scalability.ini]
[2021.10.16-04.59.52:853][  0]LogConfig: Setting CVar [[r.MotionBlurQuality:4]]
[2021.10.16-04.59.52:853][  0]LogConfig: Setting CVar [[r.AmbientOcclusionMipLevelFactor:0.4]]
[2021.10.16-04.59.52:853][  0]LogConfig: Setting CVar [[r.AmbientOcclusionMaxQuality:100]]
[2021.10.16-04.59.52:853][  0]LogConfig: Setting CVar [[r.AmbientOcclusionLevels:-1]]
[2021.10.16-04.59.52:854][  0]LogConfig: Setting CVar [[r.AmbientOcclusionRadiusScale:1.0]]
[2021.10.16-04.59.52:854][  0]LogConfig: Setting CVar [[r.DepthOfFieldQuality:2]]
[2021.10.16-04.59.52:854][  0]LogConfig: Setting CVar [[r.RenderTargetPoolMin:400]]
[2021.10.16-04.59.52:854][  0]LogConfig: Setting CVar [[r.LensFlareQuality:2]]
[2021.10.16-04.59.52:854][  0]LogConfig: Setting CVar [[r.SceneColorFringeQuality:1]]
[2021.10.16-04.59.52:854][  0]LogConfig: Setting CVar [[r.EyeAdaptationQuality:2]]
[2021.10.16-04.59.52:854][  0]LogConfig: Setting CVar [[r.BloomQuality:5]]
[2021.10.16-04.59.52:854][  0]LogConfig: Setting CVar [[r.FastBlurThreshold:100]]
[2021.10.16-04.59.52:854][  0]LogConfig: Setting CVar [[r.Upscale.Quality:3]]
[2021.10.16-04.59.52:854][  0]LogConfig: Setting CVar [[r.Tonemapper.GrainQuantization:1]]
[2021.10.16-04.59.52:854][  0]LogConfig: Setting CVar [[r.LightShaftQuality:1]]
[2021.10.16-04.59.52:854][  0]LogConfig: Setting CVar [[r.Filter.SizeScale:1]]
[2021.10.16-04.59.52:854][  0]LogConfig: Setting CVar [[r.Tonemapper.Quality:5]]
[2021.10.16-04.59.52:854][  0]LogConfig: Setting CVar [[r.DOF.Gather.AccumulatorQuality:1        ; higher gathering accumulator quality]]
[2021.10.16-04.59.52:854][  0]LogConfig: Setting CVar [[r.DOF.Gather.PostfilterMethod:1          ; Median3x3 postfilering method]]
[2021.10.16-04.59.52:854][  0]LogConfig: Setting CVar [[r.DOF.Gather.EnableBokehSettings:0       ; no bokeh simulation when gathering]]
[2021.10.16-04.59.52:854][  0]LogConfig: Setting CVar [[r.DOF.Gather.RingCount:4                 ; medium number of samples when gathering]]
[2021.10.16-04.59.52:854][  0]LogConfig: Setting CVar [[r.DOF.Scatter.ForegroundCompositing:1    ; additive foreground scattering]]
[2021.10.16-04.59.52:854][  0]LogConfig: Setting CVar [[r.DOF.Scatter.BackgroundCompositing:2    ; additive background scattering]]
[2021.10.16-04.59.52:854][  0]LogConfig: Setting CVar [[r.DOF.Scatter.EnableBokehSettings:1      ; bokeh simulation when scattering]]
[2021.10.16-04.59.52:854][  0]LogConfig: Setting CVar [[r.DOF.Scatter.MaxSpriteRatio:0.1         ; only a maximum of 10% of scattered bokeh]]
[2021.10.16-04.59.52:854][  0]LogConfig: Setting CVar [[r.DOF.Recombine.Quality:1                ; cheap slight out of focus]]
[2021.10.16-04.59.52:854][  0]LogConfig: Setting CVar [[r.DOF.Recombine.EnableBokehSettings:0    ; no bokeh simulation on slight out of focus]]
[2021.10.16-04.59.52:854][  0]LogConfig: Setting CVar [[r.DOF.TemporalAAQuality:1                ; more stable temporal accumulation]]
[2021.10.16-04.59.52:854][  0]LogConfig: Setting CVar [[r.DOF.Kernel.MaxForegroundRadius:0.025]]
[2021.10.16-04.59.52:854][  0]LogConfig: Setting CVar [[r.DOF.Kernel.MaxBackgroundRadius:0.025]]
[2021.10.16-04.59.52:854][  0]LogConfig: Applying CVar settings from Section [TextureQuality@3] File [C:/Users/Richard/Documents/UIUC/Fall2021/CS498_GD/MP2/MP2/Saved/Config/Windows/Scalability.ini]
[2021.10.16-04.59.52:854][  0]LogConfig: Setting CVar [[r.Streaming.MipBias:0]]
[2021.10.16-04.59.52:854][  0]LogConfig: Setting CVar [[r.Streaming.AmortizeCPUToGPUCopy:0]]
[2021.10.16-04.59.52:854][  0]LogConfig: Setting CVar [[r.Streaming.MaxNumTexturesToStreamPerFrame:0]]
[2021.10.16-04.59.52:854][  0]LogConfig: Setting CVar [[r.Streaming.Boost:1]]
[2021.10.16-04.59.52:854][  0]LogConfig: Setting CVar [[r.MaxAnisotropy:8]]
[2021.10.16-04.59.52:854][  0]LogConfig: Setting CVar [[r.VT.MaxAnisotropy:8]]
[2021.10.16-04.59.52:854][  0]LogConfig: Setting CVar [[r.Streaming.LimitPoolSizeToVRAM:0]]
[2021.10.16-04.59.52:854][  0]LogConfig: Setting CVar [[r.Streaming.PoolSize:1000]]
[2021.10.16-04.59.52:854][  0]LogConfig: Setting CVar [[r.Streaming.MaxEffectiveScreenSize:0]]
[2021.10.16-04.59.52:854][  0]LogConfig: Applying CVar settings from Section [EffectsQuality@3] File [C:/Users/Richard/Documents/UIUC/Fall2021/CS498_GD/MP2/MP2/Saved/Config/Windows/Scalability.ini]
[2021.10.16-04.59.52:854][  0]LogConfig: Setting CVar [[r.TranslucencyLightingVolumeDim:64]]
[2021.10.16-04.59.52:854][  0]LogConfig: Setting CVar [[r.RefractionQuality:2]]
[2021.10.16-04.59.52:854][  0]LogConfig: Setting CVar [[r.SSR.Quality:3]]
[2021.10.16-04.59.52:854][  0]LogConfig: Setting CVar [[r.SSR.HalfResSceneColor:0]]
[2021.10.16-04.59.52:854][  0]LogConfig: Setting CVar [[r.SceneColorFormat:4]]
[2021.10.16-04.59.52:854][  0]LogConfig: Setting CVar [[r.DetailMode:2]]
[2021.10.16-04.59.52:854][  0]LogConfig: Setting CVar [[r.TranslucencyVolumeBlur:1]]
[2021.10.16-04.59.52:854][  0]LogConfig: Setting CVar [[r.MaterialQualityLevel:1 ; High quality]]
[2021.10.16-04.59.52:854][  0]LogConfig: Setting CVar [[r.AnisotropicMaterials:1]]
[2021.10.16-04.59.52:854][  0]LogConfig: Setting CVar [[r.SSS.Scale:1]]
[2021.10.16-04.59.52:854][  0]LogConfig: Setting CVar [[r.SSS.SampleSet:2]]
[2021.10.16-04.59.52:854][  0]LogConfig: Setting CVar [[r.SSS.Quality:1]]
[2021.10.16-04.59.52:854][  0]LogConfig: Setting CVar [[r.SSS.HalfRes:0]]
[2021.10.16-04.59.52:855][  0]LogConfig: Setting CVar [[r.SSGI.Quality:3]]
[2021.10.16-04.59.52:855][  0]LogConfig: Setting CVar [[r.EmitterSpawnRateScale:1.0]]
[2021.10.16-04.59.52:855][  0]LogConfig: Setting CVar [[r.ParticleLightQuality:2]]
[2021.10.16-04.59.52:855][  0]LogConfig: Setting CVar [[r.SkyAtmosphere.AerialPerspectiveLUT.FastApplyOnOpaque:1 ; Always have FastSkyLUT 1 in this case to avoid wrong sky]]
[2021.10.16-04.59.52:855][  0]LogConfig: Setting CVar [[r.SkyAtmosphere.AerialPerspectiveLUT.SampleCountMaxPerSlice:4]]
[2021.10.16-04.59.52:855][  0]LogConfig: Setting CVar [[r.SkyAtmosphere.AerialPerspectiveLUT.DepthResolution:16.0]]
[2021.10.16-04.59.52:855][  0]LogConfig: Setting CVar [[r.SkyAtmosphere.FastSkyLUT:1]]
[2021.10.16-04.59.52:855][  0]LogConfig: Setting CVar [[r.SkyAtmosphere.FastSkyLUT.SampleCountMin:4.0]]
[2021.10.16-04.59.52:855][  0]LogConfig: Setting CVar [[r.SkyAtmosphere.FastSkyLUT.SampleCountMax:128.0]]
[2021.10.16-04.59.52:855][  0]LogConfig: Setting CVar [[r.SkyAtmosphere.SampleCountMin:4.0]]
[2021.10.16-04.59.52:855][  0]LogConfig: Setting CVar [[r.SkyAtmosphere.SampleCountMax:128.0]]
[2021.10.16-04.59.52:855][  0]LogConfig: Setting CVar [[r.SkyAtmosphere.TransmittanceLUT.UseSmallFormat:0]]
[2021.10.16-04.59.52:855][  0]LogConfig: Setting CVar [[r.SkyAtmosphere.TransmittanceLUT.SampleCount:10.0]]
[2021.10.16-04.59.52:855][  0]LogConfig: Setting CVar [[r.SkyAtmosphere.MultiScatteringLUT.SampleCount:15.0]]
[2021.10.16-04.59.52:855][  0]LogConfig: Setting CVar [[r.SkyLight.RealTimeReflectionCapture:1]]
[2021.10.16-04.59.52:855][  0]LogConfig: Applying CVar settings from Section [FoliageQuality@3] File [C:/Users/Richard/Documents/UIUC/Fall2021/CS498_GD/MP2/MP2/Saved/Config/Windows/Scalability.ini]
[2021.10.16-04.59.52:855][  0]LogConfig: Setting CVar [[foliage.DensityScale:1.0]]
[2021.10.16-04.59.52:855][  0]LogConfig: Setting CVar [[grass.DensityScale:1.0]]
[2021.10.16-04.59.52:855][  0]LogConfig: Applying CVar settings from Section [ShadingQuality@3] File [C:/Users/Richard/Documents/UIUC/Fall2021/CS498_GD/MP2/MP2/Saved/Config/Windows/Scalability.ini]
[2021.10.16-04.59.52:855][  0]LogConfig: Setting CVar [[r.HairStrands.SkyLighting.IntegrationType:2]]
[2021.10.16-04.59.52:855][  0]LogConfig: Setting CVar [[r.HairStrands.SkyAO.SampleCount:4]]
[2021.10.16-04.59.52:855][  0]LogConfig: Setting CVar [[r.HairStrands.Visibility.MSAA.SamplePerPixel:4]]
[2021.10.16-04.59.52:855][  0]LogConfig: Applying CVar settings from Section [Startup] File [../../../Engine/Config/ConsoleVariables.ini]
[2021.10.16-04.59.52:886][  0]LogConfig: Setting CVar [[net.UseAdaptiveNetUpdateFrequency:0]]
[2021.10.16-04.59.52:886][  0]LogConfig: Setting CVar [[p.chaos.AllowCreatePhysxBodies:1]]
[2021.10.16-04.59.52:886][  0]LogConfig: Setting CVar [[fx.SkipVectorVMBackendOptimizations:1]]
[2021.10.16-04.59.52:886][  0]LogConfig: Applying CVar settings from Section [ConsoleVariables] File [C:/Users/Richard/Documents/UIUC/Fall2021/CS498_GD/MP2/MP2/Saved/Config/Windows/Engine.ini]
[2021.10.16-04.59.52:886][  0]LogConfig: Applying CVar settings from Section [ConsoleVariables] File [C:/Users/Richard/Documents/UIUC/Fall2021/CS498_GD/MP2/MP2/Saved/Config/Windows/Editor.ini]
[2021.10.16-04.59.52:905][  0]LogInit: Computer: RICHLAP
[2021.10.16-04.59.52:905][  0]LogInit: User: Richard
[2021.10.16-04.59.52:905][  0]LogInit: CPU Page size=4096, Cores=4
[2021.10.16-04.59.52:905][  0]LogInit: High frequency timer resolution =10.000000 MHz
[2021.10.16-04.59.52:905][  0]LogMemory: Memory total: Physical=15.9GB (16GB approx)
[2021.10.16-04.59.52:905][  0]LogMemory: Platform Memory Stats for Windows
[2021.10.16-04.59.52:905][  0]LogMemory: Process Physical Memory: 141.18 MB used, 141.18 MB peak
[2021.10.16-04.59.52:905][  0]LogMemory: Process Virtual Memory: 127.10 MB used, 127.10 MB peak
[2021.10.16-04.59.52:905][  0]LogMemory: Physical Memory: 6392.29 MB used,  9875.30 MB free, 16267.60 MB total
[2021.10.16-04.59.52:905][  0]LogMemory: Virtual Memory: 134202328.00 MB used,  15399.62 MB free, 134217728.00 MB total
[2021.10.16-04.59.52:939][  0]LogWindows: WindowsPlatformFeatures enabled
[2021.10.16-04.59.55:405][  0]LogInit: Physics initialised using underlying interface: PhysX
[2021.10.16-04.59.56:246][  0]LogInit: Using OS detected language (en-US).
[2021.10.16-04.59.56:246][  0]LogInit: Using OS detected locale (en-US).
[2021.10.16-04.59.56:702][  0]LogTextLocalizationManager: No specific localization for 'en-US' exists, so the 'en' localization will be used.
[2021.10.16-04.59.58:215][  0]LogInit: Setting process to per monitor DPI aware
[2021.10.16-04.59.59:245][  0]LogWindowsTextInputMethodSystem: Display: IME system deactivated.
[2021.10.16-05.00.01:179][  0]LogSlate: New Slate User Created.  User Index 0, Is Virtual User: 0
[2021.10.16-05.00.01:212][  0]LogSlate: Slate User Registered.  User Index 0, Is Virtual User: 0
[2021.10.16-05.00.10:293][  0]LogD3D11RHI: Loaded GFSDK_Aftermath_Lib.x64.dll
[2021.10.16-05.00.10:325][  0]LogHMD: Failed to initialize OpenVR with code 110
[2021.10.16-05.00.10:325][  0]LogD3D11RHI: D3D11 min allowed feature level: 11_0
[2021.10.16-05.00.10:325][  0]LogD3D11RHI: D3D11 max allowed feature level: 11_0
[2021.10.16-05.00.10:325][  0]LogD3D11RHI: D3D11 adapters:
[2021.10.16-05.00.10:476][  0]LogD3D11RHI:    0. 'NVIDIA GeForce GTX 1050 Ti' (Feature Level 11_0)
[2021.10.16-05.00.10:476][  0]LogD3D11RHI:       4019/0/8133 MB DedicatedVideo/DedicatedSystem/SharedSystem, Outputs:1, VendorId:0x10de
[2021.10.16-05.00.10:508][  0]LogD3D11RHI:    1. 'Intel(R) HD Graphics 630' (Feature Level 11_0)
[2021.10.16-05.00.10:508][  0]LogD3D11RHI:       128/0/8133 MB DedicatedVideo/DedicatedSystem/SharedSystem, Outputs:0, VendorId:0x8086
[2021.10.16-05.00.10:508][  0]LogD3D11RHI:    2. 'Microsoft Basic Render Driver' (Feature Level 11_0)
[2021.10.16-05.00.10:508][  0]LogD3D11RHI:       0/0/8133 MB DedicatedVideo/DedicatedSystem/SharedSystem, Outputs:0, VendorId:0x1414
[2021.10.16-05.00.10:508][  0]LogD3D11RHI: Chosen D3D11 Adapter:
[2021.10.16-05.00.10:508][  0]LogD3D11RHI:     Description : NVIDIA GeForce GTX 1050 Ti
[2021.10.16-05.00.10:508][  0]LogD3D11RHI:     VendorId    : 10de
[2021.10.16-05.00.10:508][  0]LogD3D11RHI:     DeviceId    : 1c8c
[2021.10.16-05.00.10:508][  0]LogD3D11RHI:     SubSysId    : 118b1025
[2021.10.16-05.00.10:508][  0]LogD3D11RHI:     Revision    : 00a1
[2021.10.16-05.00.10:508][  0]LogD3D11RHI:     DedicatedVideoMemory : 4214226944 bytes
[2021.10.16-05.00.10:508][  0]LogD3D11RHI:     DedicatedSystemMemory : 0 bytes
[2021.10.16-05.00.10:508][  0]LogD3D11RHI:     SharedSystemMemory : 8528906240 bytes
[2021.10.16-05.00.10:508][  0]LogD3D11RHI:     AdapterLuid : 0 63887
[2021.10.16-05.00.10:523][  0]LogD3D11RHI: Creating new Direct3DDevice
[2021.10.16-05.00.10:523][  0]LogD3D11RHI:     GPU DeviceId: 0x1c8c (for the marketing name, search the web for "GPU Device Id")
[2021.10.16-05.00.10:523][  0]LogWindows: EnumDisplayDevices:
[2021.10.16-05.00.10:523][  0]LogWindows:    0. 'Intel(R) HD Graphics 630' (P:0 D:0)
[2021.10.16-05.00.10:523][  0]LogWindows:    1. 'Intel(R) HD Graphics 630' (P:0 D:0)
[2021.10.16-05.00.10:523][  0]LogWindows:    2. 'Intel(R) HD Graphics 630' (P:0 D:0)
[2021.10.16-05.00.10:523][  0]LogWindows:    3. 'NVIDIA GeForce GTX 1050 Ti' (P:1 D:1)
[2021.10.16-05.00.10:523][  0]LogWindows: DebugString: PrimaryIsNotTheChoosenAdapter PrimaryIsNotTheChoosenAdapter PrimaryIsNotTheChoosenAdapter 
[2021.10.16-05.00.10:523][  0]LogD3D11RHI:     Adapter Name: NVIDIA GeForce GTX 1050 Ti
[2021.10.16-05.00.10:523][  0]LogD3D11RHI:   Driver Version: 466.77 (internal:27.21.14.6677, unified:466.77)
[2021.10.16-05.00.10:523][  0]LogD3D11RHI:      Driver Date: 6-8-2021
[2021.10.16-05.00.10:523][  0]LogRHI: Texture pool is 2813 MB (70% of 4019 MB)
[2021.10.16-05.00.10:523][  0]LogD3D11RHI: Creating D3DDevice using adapter:
[2021.10.16-05.00.10:523][  0]LogD3D11RHI:     Description : NVIDIA GeForce GTX 1050 Ti
[2021.10.16-05.00.10:523][  0]LogD3D11RHI:     VendorId    : 10de
[2021.10.16-05.00.10:523][  0]LogD3D11RHI:     DeviceId    : 1c8c
[2021.10.16-05.00.10:523][  0]LogD3D11RHI:     SubSysId    : 118b1025
[2021.10.16-05.00.10:523][  0]LogD3D11RHI:     Revision    : 00a1
[2021.10.16-05.00.10:523][  0]LogD3D11RHI:     DedicatedVideoMemory : 4214226944 bytes
[2021.10.16-05.00.10:523][  0]LogD3D11RHI:     DedicatedSystemMemory : 0 bytes
[2021.10.16-05.00.10:523][  0]LogD3D11RHI:     SharedSystemMemory : 8528906240 bytes
[2021.10.16-05.00.10:523][  0]LogD3D11RHI:     AdapterLuid : 0 63887
[2021.10.16-05.00.10:998][  0]LogD3D11RHI: RHI has support for 64 bit atomics
[2021.10.16-05.00.10:998][  0]LogD3D11RHI: Async texture creation enabled
[2021.10.16-05.00.10:998][  0]LogD3D11RHI: Array index from any shader is supported
[2021.10.16-05.00.10:998][  0]LogD3D11RHI: HDR output is supported on display 0 (NvId: 0x80061083).
[2021.10.16-05.00.11:550][  0]LogD3D11RHI: GPU Timing Frequency: 1000.000000 (Debug: 2 1)
[2021.10.16-05.00.11:926][  0]LogRHI: GeForceNow SDK initialized: 1
[2021.10.16-05.00.14:725][  0]LogTargetPlatformManager: Display: Loaded TargetPlatform 'AllDesktop'
[2021.10.16-05.00.14:850][  0]LogTargetPlatformManager: Display: Loaded TargetPlatform 'Android'
[2021.10.16-05.00.14:850][  0]LogTargetPlatformManager: Display: Loaded TargetPlatform 'Android_ASTC'
[2021.10.16-05.00.14:850][  0]LogTargetPlatformManager: Display: Loaded TargetPlatform 'Android_DXT'
[2021.10.16-05.00.14:850][  0]LogTargetPlatformManager: Display: Loaded TargetPlatform 'Android_ETC2'
[2021.10.16-05.00.14:850][  0]LogTargetPlatformManager: Display: Loaded TargetPlatform 'AndroidClient'
[2021.10.16-05.00.14:850][  0]LogTargetPlatformManager: Display: Loaded TargetPlatform 'Android_ASTCClient'
[2021.10.16-05.00.14:850][  0]LogTargetPlatformManager: Display: Loaded TargetPlatform 'Android_DXTClient'
[2021.10.16-05.00.14:850][  0]LogTargetPlatformManager: Display: Loaded TargetPlatform 'Android_ETC2Client'
[2021.10.16-05.00.14:850][  0]LogTargetPlatformManager: Display: Loaded TargetPlatform 'Android_Multi'
[2021.10.16-05.00.14:850][  0]LogTargetPlatformManager: Display: Loaded TargetPlatform 'Android_MultiClient'
[2021.10.16-05.00.15:069][  0]LogTargetPlatformManager: Display: Loaded TargetPlatform 'IOSClient'
[2021.10.16-05.00.15:069][  0]LogTargetPlatformManager: Display: Loaded TargetPlatform 'IOS'
[2021.10.16-05.00.15:183][  0]LogTargetPlatformManager: Display: Loaded TargetPlatform 'Linux'
[2021.10.16-05.00.15:246][  0]LogTargetPlatformManager: Display: Loaded TargetPlatform 'LinuxNoEditor'
[2021.10.16-05.00.15:324][  0]LogTargetPlatformManager: Display: Loaded TargetPlatform 'LinuxClient'
[2021.10.16-05.00.15:371][  0]LogTargetPlatformManager: Display: Loaded TargetPlatform 'LinuxServer'
[2021.10.16-05.00.15:449][  0]LogTargetPlatformManager: Display: Loaded TargetPlatform 'LinuxAArch64NoEditor'
[2021.10.16-05.00.15:496][  0]LogTargetPlatformManager: Display: Loaded TargetPlatform 'LinuxAArch64Client'
[2021.10.16-05.00.15:543][  0]LogTargetPlatformManager: Display: Loaded TargetPlatform 'LinuxAArch64Server'
[2021.10.16-05.00.15:689][  0]LogTargetPlatformManager: Display: Loaded TargetPlatform 'Lumin'
[2021.10.16-05.00.15:689][  0]LogTargetPlatformManager: Display: Loaded TargetPlatform 'LuminClient'
[2021.10.16-05.00.15:783][  0]LogTargetPlatformManager: Display: Loaded TargetPlatform 'MacNoEditor'
[2021.10.16-05.00.15:845][  0]LogTargetPlatformManager: Display: Loaded TargetPlatform 'Mac'
[2021.10.16-05.00.15:908][  0]LogTargetPlatformManager: Display: Loaded TargetPlatform 'MacClient'
[2021.10.16-05.00.15:955][  0]LogTargetPlatformManager: Display: Loaded TargetPlatform 'MacServer'
[2021.10.16-05.00.16:017][  0]LogTargetPlatformManager: Display: Loaded TargetPlatform 'TVOSClient'
[2021.10.16-05.00.16:017][  0]LogTargetPlatformManager: Display: Loaded TargetPlatform 'TVOS'
[2021.10.16-05.00.16:098][  0]LogTargetPlatformManager: Display: Loaded TargetPlatform 'WindowsNoEditor'
[2021.10.16-05.00.16:210][  0]LogTargetPlatformManager: Display: Loaded TargetPlatform 'Windows'
[2021.10.16-05.00.16:257][  0]LogTargetPlatformManager: Display: Loaded TargetPlatform 'WindowsClient'
[2021.10.16-05.00.16:335][  0]LogTargetPlatformManager: Display: Loaded TargetPlatform 'WindowsServer'
[2021.10.16-05.00.16:335][  0]LogTargetPlatformManager: Display: Building Assets For Windows
[2021.10.16-05.00.16:668][  0]LogAudioDebug: Display: Lib vorbis DLL was dynamically loaded.
[2021.10.16-05.00.17:423][  0]LogTextureFormatOodle: Display: Oodle Texture 2.9.0 init RDO Off
[2021.10.16-05.00.18:652][  0]LogRendererCore: Ray tracing is disabled. Reason: r.RayTracing=0.
[2021.10.16-05.00.18:689][  0]LogShaderCompilers: Guid format shader working directory is -10 characters bigger than the processId version (C:/Users/Richard/Documents/UIUC/Fall2021/CS498_GD/MP2/MP2/Intermediate/Shaders/WorkingDirectory/17188/).
[2021.10.16-05.00.18:689][  0]LogShaderCompilers: Cleaned the shader compiler working directory 'C:/Users/Richard/AppData/Local/Temp/UnrealShaderWorkingDir/4C2BD9E542474842197CC292D38A85FF/'.
[2021.10.16-05.00.18:705][  0]LogXGEController: Cannot use XGE Controller as Incredibuild is not installed on this machine.
[2021.10.16-05.00.18:705][  0]LogShaderCompilers: Cannot use XGE Shader Compiler as Incredibuild is not installed on this machine.
[2021.10.16-05.00.18:705][  0]LogShaderCompilers: Display: Using Local Shader Compiler.
[2021.10.16-05.00.30:228][  0]LogDerivedDataCache: Display: Max Cache Size: 512 MB
[2021.10.16-05.00.30:391][  0]LogDerivedDataCache: Loaded boot cache 0.15s 95MB C:/Users/Richard/AppData/Local/UnrealEngine/4.27/DerivedDataCache/Boot.ddc.
[2021.10.16-05.00.30:391][  0]LogDerivedDataCache: Display: Loaded Boot cache: C:/Users/Richard/AppData/Local/UnrealEngine/4.27/DerivedDataCache/Boot.ddc
[2021.10.16-05.00.30:408][  0]LogDerivedDataCache: FDerivedDataBackendGraph:  Pak pak cache file C:/Users/Richard/Documents/UIUC/Fall2021/CS498_GD/MP2/MP2/DerivedDataCache/DDC.ddp not found, will not use a pak cache.
[2021.10.16-05.00.30:408][  0]LogDerivedDataCache: Unable to find inner node Pak for hierarchical cache Hierarchy.
[2021.10.16-05.00.30:408][  0]LogDerivedDataCache: FDerivedDataBackendGraph:  CompressedPak pak cache file C:/Users/Richard/Documents/UIUC/Fall2021/CS498_GD/MP2/MP2/DerivedDataCache/Compressed.ddp not found, will not use a pak cache.
[2021.10.16-05.00.30:408][  0]LogDerivedDataCache: Unable to find inner node CompressedPak for hierarchical cache Hierarchy.
[2021.10.16-05.00.30:564][  0]LogDerivedDataCache: Display: Pak cache opened for reading ../../../Engine/DerivedDataCache/Compressed.ddp.
[2021.10.16-05.00.30:564][  0]LogDerivedDataCache: FDerivedDataBackendGraph:  EnterprisePak pak cache file ../../../Enterprise/DerivedDataCache/Compressed.ddp not found, will not use a pak cache.
[2021.10.16-05.00.30:564][  0]LogDerivedDataCache: Unable to find inner node EnterprisePak for hierarchical cache Hierarchy.
[2021.10.16-05.00.30:611][  0]LogDerivedDataCache: Speed tests for C:/Users/Richard/AppData/Local/UnrealEngine/Common/DerivedDataCache took 0.04 seconds
[2021.10.16-05.00.30:611][  0]LogDerivedDataCache: Display: Performance to C:/Users/Richard/AppData/Local/UnrealEngine/Common/DerivedDataCache: Latency=0.93ms. RandomReadSpeed=48.07MBs, RandomWriteSpeed=124.46MBs. Assigned SpeedClass 'Local'
[2021.10.16-05.00.30:611][  0]LogDerivedDataCache: Using Local data cache path C:/Users/Richard/AppData/Local/UnrealEngine/Common/DerivedDataCache: Writable
[2021.10.16-05.00.30:611][  0]LogDerivedDataCache: Shared data cache path not found in *engine.ini, will not use an Shared cache.
[2021.10.16-05.00.30:611][  0]LogDerivedDataCache: Unable to find inner node Shared for hierarchical cache Hierarchy.
[2021.10.16-05.00.30:904][  0]LogSlate: Using FreeType 2.10.0
[2021.10.16-05.00.31:076][  0]LogSlate: SlateFontServices - WITH_FREETYPE: 1, WITH_HARFBUZZ: 1
[2021.10.16-05.00.32:764][  0]LogAssetRegistry: FAssetRegistry took 0.0294 seconds to start up
[2021.10.16-05.00.38:169][  0]LogInit: Selected Device Profile: [Windows]
[2021.10.16-05.00.38:169][  0]LogInit: Active device profile: [000001C6FF0BC900][000001C6F05BF780 49] Windows
[2021.10.16-05.00.38:169][  0]LogInit: Profiles: [000001C6FF0BC900][000001C6F05BF780 49] Windows, [000001C6FF093800][000001C6F05C7900 49] WindowsNoEditor, [000001C6FF0BF500][000001C6F05CBA80 49] WindowsServer, [000001C6FF090E00][000001C6F05CFC00 49] WindowsClient, [000001C6FF0BF800][000001C6F05D2200 49] IOS, [000001C6FF092800][000001C6F05D6380 49] iPadAir, [000001C6FF0BE000][000001C6F05DA500 49] iPadAir2, [000001C6FF040A00][000001C6F05E27C0 49] IPadPro, [000001C6FF040B00][000001C6F05DE800 49] iPadAir3, [000001C6FF091900][000001C6F05C2940 49] iPadAir4, [000001C6FF043400][000001C6F05E6A80 49] iPadMini2, [000001C6FF092A00][000001C6FBBD2BC0 49] iPadMini3, [000001C6FF041700][000001C6FBBD6D00 49] iPadMini4, [000001C6FF0BD100][000001C6FBBDEE80 49] iPadMini5, [000001C6FF07C300][000001C6FBBE7140 49] iPhone6, [000001C6FF07C400][000001C6FBBE3180 49] iPodTouch6, [000001C6FF027F00][000001C6FBBEF440 49] iPhone7, [000001C6FF027E00][000001C6FBBEB480 49] iPodTouch7, [000001C6FF092500][000001C6FBBF3600 49] iPhone5S, [000001C6FF025A00][000001C6FBBF7780 49] iPhone6Plus, [000001C6FF07C200][000001C6FBBFB900 49] iPhone6S, [000001C6FF024600][000001C6FBBFFA80 49] iPhone6SPlus, [000001C6FF07E900][000001C6FBC03C00 49] iPhone7Plus, [000001C6FF027100][000001C6FBC06200 49] iPhoneSE, [000001C6FF07E200][000001C6FBC0A380 49] iPhone8, [000001C6FF027B00][000001C6FBC0E500 49] iPhone8Plus, [000001C6FF07C800][000001C6FBC12680 49] iPhoneX, [000001C6FF025600][000001C6FBC16800 49] iPhoneXS, [000001C6FF07FC00][000001C6FBC1A980 49] iPhoneXSMax, [000001C6FF024700][000001C6FBC1EB00 49] iPhoneXR, [000001C6FF07D300][000001C6FBBDAC40 49] iPhone11, [000001C6FF026700][000001C6FBC22D80 49] iPhone11Pro, [000001C6FF07D000][000001C6FD68AEC0 49] iPhone11ProMax, [000001C6FF026A00][000001C6FD693040 49] iPhoneSE2, [000001C6FF07D400][000001C6FD6971C0 49] iPhone12Mini, [000001C6FF026400][000001C6FD69B340 49] iPhone12, [000001C6FF07CD00][000001C6FD69F4C0 49] iPhone12Pro, [000001C6FF026B00][000001C6FD6A3640 49] iPhone12ProMax, [000001C6FF07F000][000001C6FD6A77C0 49] iPadPro105, [000001C6FF024200][000001C6FD6AB940 49] iPadPro129, [000001C6FF07EB00][000001C6FD6AFAC0 49] iPadPro97, [000001C6FF026600][000001C6FD6B20C0 49] iPadPro2_129, [000001C6FF07FB00][000001C6FD6B6240 49] iPad5, [000001C6FF026200][000001C6FD6BA3C0 49] iPad6, [000001C6FF07CF00][000001C6FD6BE540 49] iPad7, [000001C6FF025D00][000001C6FD6C26C0 49] iPad8, [000001C6FF07C900][000001C6FD6C6840 49] iPadPro11, [000001C6FF024F00][000001C6FD6CA9C0 49] iPadPro2_11, [000001C6FF07F200][000001C6FD6CEB40 49] iPadPro3_129, [000001C6FF027C00][000001C6FD6D2CC0 49] iPadPro4_129, [000001C6FF07CC00][000001C6FD68EE00 49] AppleTV, [000001C6FF026100][000001C6FD6D6F40 49] AppleTV4K, [000001C6FF07F100][000001C6FD6DB080 49] TVOS, [000001C6FF027400][000001C6FD6DF1C0 49] Mac, [000001C6FF07F800][000001C6FD6E7340 49] MacClient, [000001C6FF025E00][000001C6FD6EB4C0 49] MacNoEditor, [000001C6FF07FF00][000001C6FD6EF640 49] MacServer, [000001C6FF026E00][000001C6FD6F37C0 49] Linux, [000001C6FF07CB00][000001C6FD6F7940 49] LinuxAArch64, [000001C6FF025F00][000001C6FD6FBAC0 49] LinuxNoEditor, [000001C6FF07DB00][000001C6FD6FE0C0 49] LinuxAArch64NoEditor, [000001C6FF027900][000001C6FD702240 49] LinuxClient, [000001C6FF07F500][000001C6FD7063C0 49] LinuxAArch64Client, [000001C6FF026300][000001C6FD70A540 49] LinuxServer, [000001C6FF07C500][000001C6FD70E6C0 49] LinuxAArch64Server, [000001C6FF024D00][000001C6FD712840 49] Android, [000001C6FF07D900][000001C6FD7169C0 49] Android_Low, [000001C6FF027600][000001C6FD71AB40 49] Android_Mid, [000001C6FF07ED00][000001C6FD71ECC0 49] Android_High, [000001C6FF027800][000001C6FD722E40 49] Android_Default, [000001C6FF07E100][000001C6FD6E2F80 49] Android_Adreno4xx, [000001C6FF024900][000001C6FD7270C0 49] Android_Adreno5xx_Low, [000001C6FF043600][000001C6FD72B200 49] Android_Adreno5xx, [000001C6FF090900][000001C6FD72F340 49] Android_Adreno6xx, [000001C6FF041800][000001C6FD7374C0 49] Android_Adreno6xx_Vulkan, [000001C6FF090F00][000001C6FD73B640 49] Android_Mali_T6xx, [000001C6FF041200][000001C6FD73F7C0 49] Android_Mali_T7xx, [000001C6FF093900][000001C6FD743940 49] Android_Mali_T8xx, [000001C6FF041E00][000001C6FD747AC0 49] Android_Mali_G71, [000001C6FF090500][000001C6FD74A0C0 49] Android_Mali_G72, [000001C6FF040600][000001C6FD74E240 49] Android_Mali_G72_Vulkan, [000001C6FF091200][000001C6FD7523C0 49] Android_Mali_G76, [000001C6FF040100][000001C6FD756540 49] Android_Mali_G76_Vulkan, [000001C6FF091F00][000001C6FD75A6C0 49] Android_Mali_G77, [000001C6FF040C00][000001C6FF770840 49] Android_Mali_G77_Vulkan, [000001C6FF090A00][000001C6FF7749C0 49] Android_Mali_G78, [000001C6FF042C00][000001C6FF778B40 49] Android_Mali_G78_Vulkan, [000001C6FF093600][000001C6FF77CCC0 49] Android_Mali_G710, [000001C6FF042400][000001C6FF780E40 49] Android_Mali_G710_Vulkan, [000001C6FF092700][000001C6FF784FC0 49] Android_Vulkan_SM5, [000001C6FF043B00][000001C6FF789140 49] Android_PowerVR_G6xxx, [000001C6FF093400][000001C6FD733280 49] Android_PowerVR_GT7xxx, [000001C6FF042300][000001C6FF78D3C0 49] Android_PowerVR_GE8xxx, [000001C6FF092E00][000001C6FF791500 49] Android_PowerVR_GM9xxx, [000001C6FF043F00][000001C6FF799680 49] Android_PowerVR_GM9xxx_Vulkan, [000001C6FF091600][000001C6FF79D800 49] Android_TegraK1, [000001C6FF040400][000001C6FF7A1980 49] Android_Unknown_Vulkan, [000001C6FF092D00][000001C6FF7A5B00 49] Lumin, [000001C6FF040500][000001C6FF7A8100 49] Lumin_Desktop, [000001C6FF090D00][000001C6FF7AC280 49] HoloLens, 
[2021.10.16-05.00.41:836][  0]LogMeshReduction: Using QuadricMeshReduction for automatic static mesh reduction
[2021.10.16-05.00.41:836][  0]LogMeshReduction: Using SimplygonMeshReduction for automatic skeletal mesh reduction
[2021.10.16-05.00.41:836][  0]LogMeshReduction: Using ProxyLODMeshReduction for automatic mesh merging
[2021.10.16-05.00.41:836][  0]LogMeshReduction: No distributed automatic mesh merging module available
[2021.10.16-05.00.41:836][  0]LogMeshMerging: No distributed automatic mesh merging module available
[2021.10.16-05.00.42:766][  0]LogNetVersion: MP2 1.0.0, NetCL: 17155196, EngineNetVer: 17, GameNetVer: 0 (Checksum: 2849652843)
[2021.10.16-05.01.01:381][  0]LogTexture: Default maximum texture size for cubemaps generated from long-lat sources has been changed from 512 to unlimited. In order to preserve old behaiour for '/Engine/MapTemplates/Sky/DaylightAmbientCubemap.DaylightAmbientCubemap', its maximum texture size has been explicitly set to 512.
[2021.10.16-05.01.02:424][  0]LogHMD: PokeAHoleMaterial loaded successfully
[2021.10.16-05.01.02:530][  0]LogUObjectArray: 17178 objects as part of root set at end of initial load.
[2021.10.16-05.01.02:530][  0]LogUObjectAllocator: 4301856 out of 0 bytes used by permanent object pool.
[2021.10.16-05.01.02:530][  0]LogUObjectArray: CloseDisregardForGC: 0/0 objects in disregard for GC pool
[2021.10.16-05.01.10:712][  0]LogNiagaraDebuggerClient: Niagara Debugger Client Initialized | Session: 843F347147DB416B897160ACEC243F82 | Instance: DD08EFA94DBDF8EC6081D98E13760239 (RICHLAP-17188).
[2021.10.16-05.01.11:661][  0]LogImageWrapper: Warning: PNG Warning: Duplicate iCCP chunk
[2021.10.16-05.01.11:661][  0]LogImageWrapper: Warning: PNG Warning: Duplicate iCCP chunk
[2021.10.16-05.01.12:388][  0]LogPython: Using Python 3.7.7
[2021.10.16-05.01.16:461][  0]LogTcpMessaging: Initializing TcpMessaging bridge
[2021.10.16-05.01.16:528][  0]LogUdpMessaging: Initializing bridge on interface 0.0.0.0:0 to multicast group 230.0.0.1:6666.
